• Версия 3.0.0 ::
  - Новое меню.
  - Отслеживание ваших кик`ов/мьют`ов/смены ранга в семье.
  - Система чёрного списка семьи.
  - Больше настроек.
  - ChangeLog.
  - Больше информации.
  - Авто-загрузка необходимых библиотек.
  - Улучшенное авто-обновление.
  - Сохранение последних действий в меню.
  - Логи.
  - Приглашение игрока, на которого смотришь.
   
• Версия 3.0.8 ::
  - Фикс отслеживания размутов/смены ранга в семье.
  - Фикс контуров меню.
  - Добавление рекламы в меню настроек.
  - Добавление логов в меню.
  - Фикс кика ЧСников.
  - Фикс многих крашей скрипта.
   
• Версия 3.2.6 ::
  - Команда /fir - Приглашение в семью для игроков в вашем радиусе.
  - Приглашение в семью по ключевому слову.
  - Заметки.
  - Новое меню.
  - Улучшенные алгоритмы и различные фиксы.
  - Уведомления.
  - Кнопка в разделе "ЧС семьи", которая проверяет каждого участника семьи на нахождение в ЧС, а затем кикает, если это так.
  - Новый раздел, где содержаться следующие функции:
  -- Кнопка, которая кикает участников семьи, если они: 
  --- Находяться в оффлайне N-ое количество дней в оффлайне(Только оффлайн участники).
  --- Имеют ранг в диапозоне, который вы укажите(Оффлайн и онлайн участники).
  --- Имеют уровень в диапозоне, который вы укажите(Только онлайн участники).
  -- Список участников, которых нельзя кикать.

• Версия 3.3.0 ::
  - Изменена внутреняя структура скрипта.
  - Добавлена возможность изменения минимального уровня игрока для его приглашения в семью.
  
• Версия 3.4.0(Скоро...) ::
  - Основное окно можно закрыт на ESC. [Готово]
  - Система авто-оплаты налогов семейной квартиры(Новый раздел). [Добавление логов]
